0 info it worked if it ends with ok
1 verbose cli [
1 verbose cli   'D:\\nodeJS\\node.exe',
1 verbose cli   'D:\\nodeJS\\node_modules\\npm\\bin\\npm-cli.js',
1 verbose cli   'run',
1 verbose cli   'build'
1 verbose cli ]
2 info using npm@6.14.11
3 info using node@v14.16.0
4 verbose run-script [ 'prebuild', 'build', 'postbuild' ]
5 info lifecycle supermall@0.1.0~prebuild: supermall@0.1.0
6 info lifecycle supermall@0.1.0~build: supermall@0.1.0
7 verbose lifecycle supermall@0.1.0~build: unsafe-perm in lifecycle true
8 verbose lifecycle supermall@0.1.0~build: PATH: D:\nodeJS\node_modules\npm\node_modules\npm-lifecycle\node-gyp-bin;E:\supermall\node_modules\.bin;E:\supermall\node_modules\.bin;C:\Program Files (x86)\Common Files\Oracle\Java\javapath;C:\Windows\system32;C:\Windows;C:\Windows\System32\Wbem;C:\Windows\System32\WindowsPowerShell\v1.0\;C:\Windows\System32\OpenSSH\;";D:\JDK\bin;D:\JDK\jre\bin;";D:\Latex\CTeX\UserData\miktex\bin;D:\Latex\CTeX\MiKTeX\miktex\bin;D:\Latex\CTeX\CTeX\ctex\bin;D:\Latex\CTeX\CTeX\cct\bin;D:\Latex\CTeX\CTeX\ty\bin;D:\Latex\CTeX\Ghostscript\gs9.05\bin;D:\Latex\CTeX\GSview\gsview;D:\Latex\CTeX\WinEdt;D:\mysql\mysql-5.7.33-winx64\bin;D:\nodeJS\;D:\\nodeJS\\node_global;D:\matlab\runtime\win64;D:\matlab\bin;D:\matlab\polyspace\bin;D:\git\Git\mingw64\bin;D:\git\Git\mingw64\libexec\git-core;
9 verbose lifecycle supermall@0.1.0~build: CWD: E:\supermall
10 silly lifecycle supermall@0.1.0~build: Args: [ '/d /s /c', 'vue-cli-service build' ]
11 silly lifecycle supermall@0.1.0~build: Returned: code: 1  signal: null
12 info lifecycle supermall@0.1.0~build: Failed to exec build script
13 verbose stack Error: supermall@0.1.0 build: `vue-cli-service build`
13 verbose stack Exit status 1
13 verbose stack     at EventEmitter.<anonymous> (D:\nodeJS\node_modules\npm\node_modules\npm-lifecycle\index.js:332:16)
13 verbose stack     at EventEmitter.emit (events.js:315:20)
13 verbose stack     at ChildProcess.<anonymous> (D:\nodeJS\node_modules\npm\node_modules\npm-lifecycle\lib\spawn.js:55:14)
13 verbose stack     at ChildProcess.emit (events.js:315:20)
13 verbose stack     at maybeClose (internal/child_process.js:1048:16)
13 verbose stack     at Process.ChildProcess._handle.onexit (internal/child_process.js:288:5)
14 verbose pkgid supermall@0.1.0
15 verbose cwd E:\supermall
16 verbose Windows_NT 10.0.19042
17 verbose argv "D:\\nodeJS\\node.exe" "D:\\nodeJS\\node_modules\\npm\\bin\\npm-cli.js" "run" "build"
18 verbose node v14.16.0
19 verbose npm  v6.14.11
20 error code ELIFECYCLE
21 error errno 1
22 error supermall@0.1.0 build: `vue-cli-service build`
22 error Exit status 1
23 error Failed at the supermall@0.1.0 build script.
23 error This is probably not a problem with npm. There is likely additional logging output above.
24 verbose exit [ 1, true ]
